test/xdp_chain_tb.sv:82 YES
test/xdp_chain_tb.sv:85 YES
test/xdp_chain_tb.sv:88 YES
test/xdp_chain_tb.sv:91 YES
test/xdp_chain_tb.sv:100 NO "a disabled 'break', 'continue', or 'return' statement" (101)
test/xdp_chain_tb.sv:111 NO "a disabled 'break', 'continue', or 'return' statement" (112)
test/xdp_chain_tb.sv:138 YES
test/xdp_chain_tb.sv:140 YES
test/xdp_chain_tb.sv:142 YES
test/xdp_chain_tb.sv:146 NO "a non-pure function call: side_str" (147)
test/xdp_chain_tb.sv:159 YES
test/xdp_chain_tb.sv:161 YES
test/xdp_chain_tb.sv:165 YES
test/xdp_chain_tb.sv:169 NO "a non-pure function call: side_str" (170)
test/xdp_chain_tb.sv:175 YES
test/xdp_chain_tb.sv:314 NO "a non-instrumentable statement" (315)
test/xdp_chain_tb.sv:335 NO "a non-instrumentable statement" (336)
test/xdp_chain_tb.sv:345 NO "a dynamic type expression" (345)
test/xdp_chain_tb.sv:348 NO "a dynamic type expression" (348)
test/xdp_chain_tb.sv:351 NO "a dynamic type expression" (351)
test/xdp_chain_tb.sv:354 NO "a dynamic type expression" (354)
verilog/ipv4_udp_port_filter.sv:108 YES
verilog/ipv4_udp_port_filter.sv:137 YES
verilog/ipv4_udp_port_filter.sv:157 YES
verilog/ipv4_udp_port_filter.sv:194 YES
verilog/xdp_packet_framer.sv:111 YES
verilog/xdp_packet_framer.sv:160 YES
verilog/xdp_packet_framer.sv:208 YES
verilog/xdp_msg_demux.sv:110 YES
verilog/xdp_msg_demux.sv:128 YES
==================================================
X P R O P   S T A T I S T I C S
instrumentable assignments:    109
instrumented assignments:      99
instrumentation success rate:  90%
