Info: [VCS_SAVE_RESTORE_INFO] ASLR (Address Space Layout Randomization) is detected on the machine. To enable $save functionality, ASLR will be switched off and simv re-executed.
Please use '-no_save' simv switch to avoid this.

                           Design Compiler Graphical 
                                 DC Ultra (TM)
                                  DFTMAX (TM)
                              Power Compiler (TM)
                                 DesignWare (R)
                                 DC Expert (TM)
                               Design Vision (TM)
                               HDL Compiler (TM)
                               VHDL Compiler (TM)
                                  DFT Compiler
                               Design Compiler(R)

               Version V-2023.12-SP5 for linux64 - Jul 16, 2024 

                    Copyright (c) 1988 - 2024 Synopsys, Inc.
   This software and the associated documentation are proprietary to Synopsys,
 Inc. This software may only be used in accordance with the terms and conditions
 of a written license agreement with Synopsys, Inc. All other use, reproduction,
   or distribution of this software is strictly prohibited.  Licensed Products
     communicate with Synopsys servers for the purpose of providing software
    updates, detecting software piracy and verifying that customers are using
    Licensed Products in conformity with the applicable License Key for such
  Licensed Products. Synopsys will use information gathered in connection with
    this process to deliver software updates and pursue software pirates and
                                   infringers.

 Inclusivity & Diversity - Visit SolvNetPlus to read the "Synopsys Statement on
            Inclusivity and Diversity" (Refer to article 000036315 at
                        https://solvnetplus.synopsys.com)
Initializing...
Current time:       Wed Apr  1 16:22:02 2026
Hostname:           vizhub03.dc.umich.edu
CPU Model:          12th Gen Intel(R) Core(TM) i7-12700
CPU Details:        Cores = 20 : Sockets = 1 : Cache Size = 25600 KB : Freq = 0.80 GHz
OS:                 Linux 5.14.0-611.5.1.el9_7.x86_64
RAM:                 31 GB (Free  17 GB)
Swap:                14 GB (Free  14 GB)
Work Filesystem:    /home/arlendai mounted to //engin-labs.m.storage.umich.edu/engin-labs/home/arlendai/dotfiles
Tmp Filesystem:     /tmp mounted to /dev/mapper/vg1-lv_tmp
Work Disk:          64512 GB (Free 9271 GB)
Tmp Disk:            29 GB (Free  29 GB)

CPU Load: 9%, Ram Free: 17 GB, Swap Free: 14 GB, Work Disk Free: 9271 GB, Tmp Disk Free: 29 GB
##########################
# ---- Introduction ---- #
##########################
# Welcome to the EECS 470 design compiler synthesis script!
# this will synthesize a module with predefined constraints using the synopsys design compiler
# and supports optional hierarchical synthesis or module parameters
# this is written in the Tool command language for Synopsys Design Compiler
# see the tcl_reference.tcl file for a general Tcl syntax reference
# it requires a number of environment variables as arguments, see below
# this script generates the following useful files: ("*" is the module name)
# *.vg       - the synthesized structural verilog module netlist
# *_svsim.sv - a simulation wrapper file if your module has parameters or SystemVerilog syntax
# *.ddc      - the internal dc_shell design representation
#              can be reused for later synthesis with 'read_ddc'
# *.chk      - the check file of warnings and errors in the design
#              many warnings are safely ignorable, don't stress about them
# *.rep      - area, timing, constraint, resource, and netlist reports
#              mainly used for checking slack: run 'grep slack *.rep' to view slack
# and these files that you can just ignore: (these are created automatically :/)
# command.log  - a list of *every* command run, but without their output
#                includes all setup commands so can be a good reference, but hides this file far below
# *.mr         - meant for use with VHDL, can ignore since we use SystemVerilog
# default.svf  - used for formal verification of the compiled functionality
# *.pvl        - generated by the analyze command, loaded by dc_shell to avoid recompiling
#                if your design doesn't seem to be updating, delete this file
# *.syn        - generated by the analyze command, you can ignore these
########################################
# ---- load environment variables ---- #
########################################
# this script requires the following environment variables:
# CLOCK_PERIOD - the clock period                                  (a float)
# SOURCES      - a list of verilog source files (no header files)  (a space-separated string)
# MODULE       - the name of the top level module from the sources (a string)
# this script supports hierarchical synthesis through these *optional* environment variables:
# CHILD_MODULES - modules that will be included as-is and not recompile (a space-separated string)
# DDC_FILES     - the ddc sources that contain these child modules      (a space-separated string)
# also this optional environment variable:
# DC_SHELL_MULTICORE - how many CPU cores to use when compiling (an integer)
# an additional environment variable for synthesizing modules with parameters:
# PARAMS - an optional list of paramters for the top level module
#          in the form: Param1=val,Param2=val,Param3=val
#          i.e. the module: "module CAM #(parameter SIZE)" might have PARAMS: "SIZE=8"
#          these change both the module name and the name of the output files
#          MODULE becomes: MODULE_Param1val_Param2_val_Param3val
#          (this script does not support passing parameters to non-top level modules)
#          (it also does not support unnamed parameters or any other parameter format)
# required variables
# these are either set by a Makefile export or on the command line
# ex: CLOCK_PERIOD=30.0 SOURCES="my_mod.sv one.sv two.sv" MODULE=my_mod dc_shell-t -f flat_synth.tcl
try {
    set clock_period [getenv CLOCK_PERIOD]
    set sources [getenv SOURCES]
    set design_name [getenv MODULE]
} on error {msg} {
    puts "ERROR: failed to load a required environment variable"
    puts "Message: $msg"
    exit 1
}
hft_pipeline_top
# hierarchical synthesis variables (optional)
# (this try block fails silently if either variable is missing)
try {
  set child_modules [getenv CHILD_MODULES]
  set ddc_files [getenv DDC_FILES]
} on error {} {}
# how many CPU cores to use when compiling
# (this try block fails silently if the variable is missing)
try { set_host_options -max_cores [getenv DC_SHELL_MULTICORE] } on error {} {}
# set the module parameters for elaboration
# (this try block fails silently if the variable is missing)
try {
  set module_parameters [getenv PARAMS]
  puts "using parameters: $module_parameters"
  # if we elaborate successfully, we'll add the parameter suffix to the design name
  # convert equals and spaces to blank and convert commas to underscores
  set param_suffix [string map {"=" "" " " "" "," "_"} ${module_parameters}]
} on error {} {}
##########################################
# ---- link library and search path ---- #
##########################################
# these variables are needed by analyze and elaborate and by the 'link' command further down
set target_library lec25dscc25_TT.db
lec25dscc25_TT.db
# link_library is a variable for resolving standard cell references in designs
# the standard cell library we use is in the lec25dscc25_TT.db file
# the * will have dc_shell search its own library first, then the target
set link_library "* $target_library"
* lec25dscc25_TT.db
# the search path is where dc_shell will search for files to read and load
# lec25dscc25_TT.db is located in the last location
set search_path [list "./" "../" "../verilog" "/usr/caen/misc/class/eecs470/lib/synopsys/"]
./ ../ ../verilog /usr/caen/misc/class/eecs470/lib/synopsys/
###########################################
# ---- setup miscellaneous variables ---- #
###########################################
# this script assumes your clock and reset variables will be named "clock" and "reset" everywhere
# note: these are just local variables
set clock_name clock
clock
set reset_name reset
reset
# this makes it so you don't need to add
# // synopsys sync_set_reset "reset"
# before every always_ff block
# I'm not updating every source file because of this though
set hdlin_ff_always_sync_set_reset "true"
true
# Set some flags to suppress warnings that are safe to ignore in 470
suppress_message "VER-130" ;# warns on delays in non-blocking assignment
set suppress_errors "UID-401 OPT-1206 OPT-1207 OPT-12"
UID-401 OPT-1206 OPT-1207 OPT-12
#############################################
# ---- read and elaborate source files ---- #
#############################################
# read files now so that we can fail quickly if analysis or elaboration have errors
# read ddc files directly, and give their modules the "dont_touch" parameter
# only if those modules were set above
if { [info exists child_modules] && $child_modules ne "" &&
     [info exists ddc_files    ] && $ddc_files     ne "" } {
  read_file -format ddc [list $ddc_files]
  set_dont_touch $child_modules
}
# try to elaborate and set the current design, but quit early if there are errors
# the combination of analyze and elaborate does the same thing as read_file
# analyze doesn't accept header files but does allow expanding parameters
if { ![analyze -format sverilog -define {SYNTH} $sources] } {exit 1}
Running PRESTO HDLC
Compiling source file ../verilog/hft_pipeline_top.sv
Opening include file ../verilog/sys_defs.svh
Compiling source file ../verilog/ipv4_udp_port_filter.sv
Opening include file ../verilog/sys_defs.svh
Compiling source file ../verilog/xdp_packet_framer.sv
Opening include file ../verilog/sys_defs.svh
Compiling source file ../verilog/xdp_msg_demux.sv
Opening include file ../verilog/sys_defs.svh
Compiling source file ../verilog/skewed_hash_table.sv
Compiling source file ../verilog/order_lookup.sv
Opening include file ../verilog/sys_defs.svh
Compiling source file ../verilog/top_of_book.sv
Opening include file ../verilog/sys_defs.svh
Warning:  ../verilog/order_lookup.sv:126: Forward references to 'msg_r' are non-standard. This may be treated as an error in the future. (VER-733)
Compiling source file ../verilog/index_arb_engine.sv
Opening include file ../verilog/sys_defs.svh
Compiling source file ../verilog/order_gen_tx.sv
Opening include file ../verilog/sys_defs.svh
Presto compilation completed successfully.
Loading db file '/usr/caen/misc/class/eecs470/lib/synopsys/lec25dscc25_TT.db'
# elaborate, potentially with parameters
if { [info exists module_parameters] && $module_parameters ne ""} {
  if { ![elaborate $design_name -param "$module_parameters"] } {exit 1}
  set design_name ${design_name}_${param_suffix}
} else {
  if { ![elaborate $design_name] } {exit 1}
}
Loading db file '/usr/caen/synopsys-synth-2023.12-SP5/libraries/syn/gtech.db'
Loading db file '/usr/caen/synopsys-synth-2023.12-SP5/libraries/syn/standard.sldb'
  Loading link library 'lec25dscc25_TT'
  Loading link library 'gtech'
Running PRESTO HDLC
Presto compilation completed successfully. (hft_pipeline_top)
Elaborated 1 design.
Current design is now 'hft_pipeline_top'.
Information: Building the design 'ipv4_udp_port_filter' instantiated from design 'hft_pipeline_top' with
	the parameters "FILTER_PORT=16'h2b5d". (HDL-193)

Statistics for case statements in always block at line 137 in file
	'../verilog/ipv4_udp_port_filter.sv'
===============================================
|           Line           |  full/ parallel  |
===============================================
|           143            |    auto/auto     |
===============================================

Statistics for case statements in always block at line 155 in file
	'../verilog/ipv4_udp_port_filter.sv'
===============================================
|           Line           |  full/ parallel  |
===============================================
|           157            |    auto/auto     |
===============================================

Inferred memory devices in process
	in routine ipv4_udp_port_filter_2b5d line 137 in file
		'../verilog/ipv4_udp_port_filter.sv'.
===============================================================================
|    Register Name    |   Type    | Width | Bus | MB | AR | AS | SR | SS | ST |
===============================================================================
|    udp_dport_reg    | Flip-flop |  16   |  Y  | N  | N  | N  | Y  | N  | N  |
|    ethertype_reg    | Flip-flop |  16   |  Y  | N  | N  | N  | Y  | N  | N  |
|    ip_proto_reg     | Flip-flop |   8   |  Y  | N  | N  | N  | Y  | N  | N  |
===============================================================================

Inferred memory devices in process
	in routine ipv4_udp_port_filter_2b5d line 194 in file
		'../verilog/ipv4_udp_port_filter.sv'.
===============================================================================
|    Register Name    |   Type    | Width | Bus | MB | AR | AS | SR | SS | ST |
===============================================================================
|   beat_count_reg    | Flip-flop |   3   |  Y  | N  | N  | N  | Y  | N  | N  |
|      state_reg      | Flip-flop |   2   |  Y  | N  | N  | N  | Y  | N  | N  |
===============================================================================
Presto compilation completed successfully. (ipv4_udp_port_filter_2b5d)
Information: Building the design 'xdp_packet_framer' instantiated from design 'hft_pipeline_top' with
	the parameters "HEADER_BYTES=10". (HDL-193)

Statistics for case statements in always block at line 104 in file
	'../verilog/xdp_packet_framer.sv'
===============================================
|           Line           |  full/ parallel  |
===============================================
|           111            |    auto/auto     |
===============================================

Statistics for case statements in always block at line 158 in file
	'../verilog/xdp_packet_framer.sv'
===============================================
|           Line           |  full/ parallel  |
===============================================
|           160            |    auto/auto     |
===============================================

Statistics for case statements in always block at line 208 in file
	'../verilog/xdp_packet_framer.sv'
===============================================
|           Line           |  full/ parallel  |
===============================================
|           218            |    auto/auto     |
===============================================

Inferred memory devices in process
	in routine xdp_packet_framer_HEADER_BYTES10 line 208 in file
		'../verilog/xdp_packet_framer.sv'.
===============================================================================
|    Register Name    |   Type    | Width | Bus | MB | AR | AS | SR | SS | ST |
===============================================================================
|   prev_last_r_reg   | Flip-flop |   1   |  N  | N  | N  | N  | Y  | N  | N  |
|     state_r_reg     | Flip-flop |   2   |  Y  | N  | N  | N  | N  | Y  | N  |
|   beat_cnt_r_reg    | Flip-flop |   2   |  Y  | N  | N  | N  | Y  | N  | N  |
|   prev_data_r_reg   | Flip-flop |  48   |  Y  | N  | N  | N  | Y  | N  | N  |
|   prev_keep_r_reg   | Flip-flop |   6   |  Y  | N  | N  | N  | Y  | N  | N  |
===============================================================================
Information:  Complex logic will not be considered for set/reset inference. (ELAB-2008)
Presto compilation completed successfully. (xdp_packet_framer_HEADER_BYTES10)
Information: Building the design 'xdp_msg_demux'. (HDL-193)

Statistics for case statements in always block at line 102 in file
	'../verilog/xdp_msg_demux.sv'
===============================================
|           Line           |  full/ parallel  |
===============================================
|           104            |     no/auto      |
===============================================

Statistics for case statements in always block at line 122 in file
	'../verilog/xdp_msg_demux.sv'
===============================================
|           Line           |  full/ parallel  |
===============================================
|           139            |     no/auto      |
|           145            |    auto/auto     |
|           168            |    auto/auto     |
|           182            |    auto/auto     |
|           201            |    auto/auto     |
===============================================

Inferred memory devices in process
	in routine xdp_msg_demux line 122 in file
		'../verilog/xdp_msg_demux.sv'.
================================================================================
|    Register Name     |   Type    | Width | Bus | MB | AR | AS | SR | SS | ST |
================================================================================
|   printable_r_reg    | Flip-flop |   8   |  Y  | N  | N  | N  | Y  | N  | N  |
|     state_r_reg      | Flip-flop |   2   |  Y  | N  | N  | N  | Y  | N  | N  |
|    beat_cnt_r_reg    | Flip-flop |   3   |  Y  | N  | N  | N  | Y  | N  | N  |
|    msg_type_r_reg    | Flip-flop |   3   |  Y  | N  | N  | N  | Y  | N  | N  |
|  symbol_index_r_reg  | Flip-flop |  32   |  Y  | N  | N  | N  | Y  | N  | N  |
| symbol_seq_num_r_reg | Flip-flop |  32   |  Y  | N  | N  | N  | Y  | N  | N  |
|    order_id_r_reg    | Flip-flop |  64   |  Y  | N  | N  | N  | Y  | N  | N  |
|  new_order_id_r_reg  | Flip-flop |  64   |  Y  | N  | N  | N  | Y  | N  | N  |
|     price_r_reg      | Flip-flop |  32   |  Y  | N  | N  | N  | Y  | N  | N  |
|      qty_r_reg       | Flip-flop |  32   |  Y  | N  | N  | N  | Y  | N  | N  |
|    trade_id_r_reg    | Flip-flop |  32   |  Y  | N  | N  | N  | Y  | N  | N  |
|      side_r_reg      | Flip-flop |   1   |  N  | N  | N  | N  | Y  | N  | N  |
================================================================================
Information:  Complex logic will not be considered for set/reset inference. (ELAB-2008)
Presto compilation completed successfully. (xdp_msg_demux)
Information: Building the design 'order_lookup' instantiated from design 'hft_pipeline_top' with
	the parameters "N_WAYS=4,TBL_ENTRIES=4096,MAX_CHAIN=16". (HDL-193)

Statistics for case statements in always block at line 162 in file
	'../verilog/order_lookup.sv'
===============================================
|           Line           |  full/ parallel  |
===============================================
|           171            |    auto/auto     |
===============================================

Statistics for case statements in always block at line 195 in file
	'../verilog/order_lookup.sv'
===============================================
|           Line           |  full/ parallel  |
===============================================
|           210            |    auto/auto     |
|           250            |    auto/auto     |
===============================================

Inferred memory devices in process
	in routine order_lookup_N_WAYS4_TBL_ENTRIES4096_MAX_CHAIN16 line 195 in file
		'../verilog/order_lookup.sv'.
===============================================================================
|    Register Name    |   Type    | Width | Bus | MB | AR | AS | SR | SS | ST |
===============================================================================
|       out_reg       | Flip-flop |  402  |  Y  | N  | Y  | N  | N  | N  | N  |
|     state_r_reg     | Flip-flop |   4   |  Y  | N  | Y  | N  | N  | N  | N  |
|      msg_r_reg      | Flip-flop |  301  |  Y  | N  | Y  | N  | N  | N  | N  |
|   lu_price_r_reg    | Flip-flop |  32   |  Y  | N  | Y  | N  | N  | N  | N  |
|    lu_qty_r_reg     | Flip-flop |  32   |  Y  | N  | Y  | N  | N  | N  | N  |
|    lu_side_r_reg    | Flip-flop |   1   |  N  | N  | Y  | N  | N  | N  | N  |
|    wr_key_r_reg     | Flip-flop |  64   |  Y  | N  | Y  | N  | N  | N  | N  |
|    wr_val_r_reg     | Flip-flop |  65   |  Y  | N  | Y  | N  | N  | N  | N  |
| repl_pending_r_reg  | Flip-flop |   1   |  N  | N  | Y  | N  | N  | N  | N  |
===============================================================================
Presto compilation completed successfully. (order_lookup_N_WAYS4_TBL_ENTRIES4096_MAX_CHAIN16)
Information: Building the design 'top_of_book' instantiated from design 'hft_pipeline_top' with
	the parameters "N_LEVELS=3,N_SYMBOLS=500". (HDL-193)

Statistics for case statements in always block at line 70 in file
	'../verilog/top_of_book.sv'
===============================================
|           Line           |  full/ parallel  |
===============================================
|            80            |    auto/auto     |
===============================================

Inferred memory devices in process
	in routine top_of_book_N_LEVELS3_N_SYMBOLS500 line 245 in file
		'../verilog/top_of_book.sv'.
===============================================================================
|    Register Name    |   Type    | Width | Bus | MB | AR | AS | SR | SS | ST |
===============================================================================
|    bid_book_reg     | Flip-flop | 96000 |  Y  | N  | N  | N  | Y  | N  | N  |
|    ask_book_reg     | Flip-flop | 96000 |  Y  | N  | N  | N  | Y  | N  | N  |
===============================================================================

Inferred memory devices in process
	in routine top_of_book_N_LEVELS3_N_SYMBOLS500 line 271 in file
		'../verilog/top_of_book.sv'.
===============================================================================
|    Register Name    |   Type    | Width | Bus | MB | AR | AS | SR | SS | ST |
===============================================================================
|     out_tob_reg     | Flip-flop |  138  |  Y  | N  | N  | N  | Y  | N  | N  |
===============================================================================
Statistics for MUX_OPs
============================================================================
|            block name/line             | Inputs | Outputs | # sel inputs |
============================================================================
| top_of_book_N_LEVELS3_N_SYMBOLS500/131 |  512   |   384   |      9       |
| top_of_book_N_LEVELS3_N_SYMBOLS500/282 |  512   |   128   |      9       |
============================================================================
Presto compilation completed successfully. (top_of_book_N_LEVELS3_N_SYMBOLS500)
Module: top_of_book_N_LEVELS3_N_SYMBOLS500, Elapsed Time: 00:00:26, CPU Time: 00:00:25, Total Mem: 2.45 GB, Mem: 2.30 GB, Time: Wed Apr  1 16:22:31 2026
Information: Building the design 'index_arb_engine' instantiated from design 'hft_pipeline_top' with
	the parameters "N_COMPONENTS=500,IDX_SYM=9'h1f4". (HDL-193)
Warning:  ../verilog/index_arb_engine.sv:123: signed to unsigned conversion occurs. (VER-318)
Warning:  ../verilog/index_arb_engine.sv:151: signed to unsigned conversion occurs. (VER-318)
Warning:  ../verilog/index_arb_engine.sv:360: unsigned to signed assignment occurs. (VER-318)
Warning:  ../verilog/index_arb_engine.sv:362: signed to unsigned assignment occurs. (VER-318)
Warning:  ../verilog/index_arb_engine.sv:375: signed to unsigned assignment occurs. (VER-318)
Warning:  ../verilog/index_arb_engine.sv:381: signed to unsigned assignment occurs. (VER-318)

Inferred memory devices in process
	in routine index_arb_engine_500_1f4 line 119 in file
		'../verilog/index_arb_engine.sv'.
===============================================================================
|    Register Name    |   Type    | Width | Bus | MB | AR | AS | SR | SS | ST |
===============================================================================
|   weight_tbl_reg    | Flip-flop | 16000 |  Y  | N  | N  | N  | Y  | N  | N  |
===============================================================================

Inferred memory devices in process
	in routine index_arb_engine_500_1f4 line 171 in file
		'../verilog/index_arb_engine.sv'.
===============================================================================
|    Register Name    |   Type    | Width | Bus | MB | AR | AS | SR | SS | ST |
===============================================================================
|    s1_mplier_reg    | Flip-flop |   1   |  N  | N  | N  | N  | N  | N  | N  |
|    s1_mplier_reg    | Flip-flop |  32   |  Y  | N  | N  | N  | Y  | N  | N  |
|    s1_valid_reg     | Flip-flop |   1   |  N  | N  | N  | N  | Y  | N  | N  |
|   s1_is_index_reg   | Flip-flop |   1   |  N  | N  | N  | N  | Y  | N  | N  |
| s1_is_component_reg | Flip-flop |   1   |  N  | N  | N  | N  | Y  | N  | N  |
|   s1_new_mid_reg    | Flip-flop |  32   |  Y  | N  | N  | N  | Y  | N  | N  |
|    s1_mcand_reg     | Flip-flop |  64   |  Y  | N  | N  | N  | Y  | N  | N  |
===============================================================================

Inferred memory devices in process
	in routine index_arb_engine_500_1f4 line 192 in file
		'../verilog/index_arb_engine.sv'.
===============================================================================
|    Register Name    |   Type    | Width | Bus | MB | AR | AS | SR | SS | ST |
===============================================================================
|     old_mid_reg     | Flip-flop | 16000 |  Y  | N  | N  | N  | Y  | N  | N  |
===============================================================================

Inferred memory devices in process
	in routine index_arb_engine_500_1f4 line 234 in file
		'../verilog/index_arb_engine.sv'.
================================================================================
|    Register Name     |   Type    | Width | Bus | MB | AR | AS | SR | SS | ST |
================================================================================
|    mp1_mplier_reg    | Flip-flop |  22   |  Y  | N  | N  | N  | Y  | N  | N  |
|    mp1_valid_reg     | Flip-flop |   1   |  N  | N  | N  | N  | Y  | N  | N  |
|   mp1_is_index_reg   | Flip-flop |   1   |  N  | N  | N  | N  | Y  | N  | N  |
| mp1_is_component_reg | Flip-flop |   1   |  N  | N  | N  | N  | Y  | N  | N  |
|   mp1_new_mid_reg    | Flip-flop |  32   |  Y  | N  | N  | N  | Y  | N  | N  |
|     mp1_sum_reg      | Flip-flop |  64   |  Y  | N  | N  | N  | Y  | N  | N  |
|    mp1_mcand_reg     | Flip-flop |  53   |  Y  | N  | N  | N  | Y  | N  | N  |
|    mp1_mcand_reg     | Flip-flop |  11   |  Y  | N  | N  | N  | N  | N  | N  |
================================================================================

Inferred memory devices in process
	in routine index_arb_engine_500_1f4 line 267 in file
		'../verilog/index_arb_engine.sv'.
================================================================================
|    Register Name     |   Type    | Width | Bus | MB | AR | AS | SR | SS | ST |
================================================================================
|    mp2_mplier_reg    | Flip-flop |  11   |  Y  | N  | N  | N  | Y  | N  | N  |
|    mp2_valid_reg     | Flip-flop |   1   |  N  | N  | N  | N  | Y  | N  | N  |
|   mp2_is_index_reg   | Flip-flop |   1   |  N  | N  | N  | N  | Y  | N  | N  |
| mp2_is_component_reg | Flip-flop |   1   |  N  | N  | N  | N  | Y  | N  | N  |
|   mp2_new_mid_reg    | Flip-flop |  32   |  Y  | N  | N  | N  | Y  | N  | N  |
|     mp2_sum_reg      | Flip-flop |  64   |  Y  | N  | N  | N  | Y  | N  | N  |
|    mp2_mcand_reg     | Flip-flop |  53   |  Y  | N  | N  | N  | Y  | N  | N  |
|    mp2_mcand_reg     | Flip-flop |  11   |  Y  | N  | N  | N  | N  | N  | N  |
================================================================================

Inferred memory devices in process
	in routine index_arb_engine_500_1f4 line 298 in file
		'../verilog/index_arb_engine.sv'.
================================================================================
|    Register Name     |   Type    | Width | Bus | MB | AR | AS | SR | SS | ST |
================================================================================
|   mp3_product_reg    | Flip-flop |  64   |  Y  | N  | N  | N  | Y  | N  | N  |
|    mp3_valid_reg     | Flip-flop |   1   |  N  | N  | N  | N  | Y  | N  | N  |
|   mp3_is_index_reg   | Flip-flop |   1   |  N  | N  | N  | N  | Y  | N  | N  |
| mp3_is_component_reg | Flip-flop |   1   |  N  | N  | N  | N  | Y  | N  | N  |
|   mp3_new_mid_reg    | Flip-flop |  32   |  Y  | N  | N  | N  | Y  | N  | N  |
================================================================================

Inferred memory devices in process
	in routine index_arb_engine_500_1f4 line 329 in file
		'../verilog/index_arb_engine.sv'.
===============================================================================
|    Register Name    |   Type    | Width | Bus | MB | AR | AS | SR | SS | ST |
===============================================================================
|   actual_mid_reg    | Flip-flop |  32   |  Y  | N  | N  | N  | Y  | N  | N  |
|   index_accum_reg   | Flip-flop |  64   |  Y  | N  | N  | N  | Y  | N  | N  |
===============================================================================

Inferred memory devices in process
	in routine index_arb_engine_500_1f4 line 368 in file
		'../verilog/index_arb_engine.sv'.
===============================================================================
|    Register Name    |   Type    | Width | Bus | MB | AR | AS | SR | SS | ST |
===============================================================================
|    out_trade_reg    | Flip-flop |  162  |  Y  | N  | N  | N  | Y  | N  | N  |
===============================================================================
Statistics for MUX_OPs
==================================================================
|       block name/line        | Inputs | Outputs | # sel inputs |
==================================================================
| index_arb_engine_500_1f4/154 |  512   |   64    |      9       |
==================================================================
Presto compilation completed successfully. (index_arb_engine_500_1f4)
Information: Building the design 'order_gen_tx' instantiated from design 'hft_pipeline_top' with
	the parameters "SRC_MAC=48'hdeadbeefcafe,DST_MAC=48'h01005e000001,SRC_IP=32'h0a000001,DST_IP=32'h0a000002,SRC_PORT=16'h3039,DST_PORT=16'hd431,ORDER_QTY=32'h00000064,COOLDOWN_CYC=32'h00000064,MAX_POS=32'h000003e8,PRICE_OFFSET=32'h0000000a,IDX_SYM_ID=32'h000001f4". (HDL-193)
Warning:  ../verilog/order_gen_tx.sv:276: signed to unsigned assignment occurs. (VER-318)
Warning:  ../verilog/order_gen_tx.sv:295: signed to unsigned conversion occurs. (VER-318)
Warning:  ../verilog/order_gen_tx.sv:314: DEFAULT branch of CASE statement cannot be reached. (ELAB-311)

Statistics for case statements in always block at line 173 in file
	'../verilog/order_gen_tx.sv'
===============================================
|           Line           |  full/ parallel  |
===============================================
|           178            |    auto/auto     |
===============================================

Statistics for case statements in always block at line 252 in file
	'../verilog/order_gen_tx.sv'
===============================================
|           Line           |  full/ parallel  |
===============================================
|           271            |    auto/auto     |
===============================================

Inferred memory devices in process
	in routine order_gen_tx_deadbeefcafe_01005e000001_0a000001_0a000002_3039_d431_00000064_00000064_000003e8_0000000a_000001f4 line 252 in file
		'../verilog/order_gen_tx.sv'.
===============================================================================
|    Register Name    |   Type    | Width | Bus | MB | AR | AS | SR | SS | ST |
===============================================================================
|    pkt_sent_reg     | Flip-flop |   1   |  N  | N  | N  | N  | Y  | N  | N  |
|     state_r_reg     | Flip-flop |   1   |  N  | N  | N  | N  | Y  | N  | N  |
|     beat_r_reg      | Flip-flop |   4   |  Y  | N  | N  | N  | Y  | N  | N  |
|     lat_dir_reg     | Flip-flop |   1   |  N  | N  | N  | N  | Y  | N  | N  |
|    lat_price_reg    | Flip-flop |  32   |  Y  | N  | N  | N  | Y  | N  | N  |
|   lat_spread_reg    | Flip-flop |  64   |  Y  | N  | N  | N  | Y  | N  | N  |
|     lat_oid_reg     | Flip-flop |  64   |  Y  | N  | N  | N  | Y  | N  | N  |
|     cd_cnt_reg      | Flip-flop |  32   |  Y  | N  | N  | N  | Y  | N  | N  |
|     oid_seq_reg     | Flip-flop |  63   |  Y  | N  | N  | N  | Y  | N  | N  |
|     oid_seq_reg     | Flip-flop |   1   |  N  | N  | N  | N  | N  | Y  | N  |
|   order_count_reg   | Flip-flop |  32   |  Y  | N  | N  | N  | Y  | N  | N  |
|  net_position_reg   | Flip-flop |  32   |  Y  | N  | N  | N  | Y  | N  | N  |
===============================================================================
Information:  Complex logic will not be considered for set/reset inference. (ELAB-2008)
Presto compilation completed successfully. (order_gen_tx_deadbeefcafe_01005e000001_0a000001_0a000002_3039_d431_00000064_00000064_000003e8_0000000a_000001f4)
Information: Building the design 'skewed_hash_table' instantiated from design 'order_lookup_N_WAYS4_TBL_ENTRIES4096_MAX_CHAIN16' with
	the parameters "KEY_W=64,VALUE_W=65,N_WAYS=4,TBL_ENTRIES=4096,MAX_CHAIN=16". (HDL-193)
Warning:  ../verilog/skewed_hash_table.sv:279: signed to unsigned assignment occurs. (VER-318)
Warning:  ../verilog/skewed_hash_table.sv:289: signed to unsigned assignment occurs. (VER-318)
Warning:  ../verilog/skewed_hash_table.sv:380: signed to unsigned conversion occurs. (VER-318)
Warning:  ../verilog/skewed_hash_table.sv:424: signed to unsigned assignment occurs. (VER-318)
Warning:  ../verilog/skewed_hash_table.sv:470: signed to unsigned conversion occurs. (VER-318)
Warning:  ../verilog/skewed_hash_table.sv:109: signed to unsigned part selection occurs. (VER-318)

Statistics for case statements in always block at line 305 in file
	'../verilog/skewed_hash_table.sv'
===============================================
|           Line           |  full/ parallel  |
===============================================
|           312            |    auto/auto     |
===============================================
Warning:  ../verilog/skewed_hash_table.sv:114: Statement unreachable (Branch condition impossible to meet).  (VER-61)
Warning:  ../verilog/skewed_hash_table.sv:115: Statement unreachable (Branch condition impossible to meet).  (VER-61)
Warning:  ../verilog/skewed_hash_table.sv:116: Statement unreachable (Branch condition impossible to meet).  (VER-61)
Warning:  ../verilog/skewed_hash_table.sv:117: Statement unreachable (Branch condition impossible to meet).  (VER-61)

Statistics for case statements in always block at line 351 in file
	'../verilog/skewed_hash_table.sv'
===============================================
|           Line           |  full/ parallel  |
===============================================
|           377            |    auto/auto     |
|           109            |    auto/auto     |
===============================================

Inferred memory devices in process
	in routine skewed_hash_table_KEY_W64_VALUE_W65_N_WAYS4_TBL_ENTRIES4096_MAX_CHAIN16 line 154 in file
		'../verilog/skewed_hash_table.sv'.
===============================================================================
|    Register Name    |   Type    | Width | Bus | MB | AR | AS | SR | SS | ST |
===============================================================================
|  bram_rdata_a_reg   | Flip-flop |  520  |  Y  | N  | N  | N  | N  | N  | N  |
===============================================================================

Inferred memory devices in process
	in routine skewed_hash_table_KEY_W64_VALUE_W65_N_WAYS4_TBL_ENTRIES4096_MAX_CHAIN16 line 159 in file
		'../verilog/skewed_hash_table.sv'.
================================================================================
|    Register Name    |   Type    | Width  | Bus | MB | AR | AS | SR | SS | ST |
================================================================================
| gen_bram[0].mem_reg | Flip-flop | 532480 |  Y  | N  | N  | N  | N  | N  | N  |
|  bram_rdata_b_reg   | Flip-flop |  520   |  Y  | N  | N  | N  | N  | N  | N  |
| gen_bram[1].mem_reg | Flip-flop | 532480 |  Y  | N  | N  | N  | N  | N  | N  |
| gen_bram[2].mem_reg | Flip-flop | 532480 |  Y  | N  | N  | N  | N  | N  | N  |
| gen_bram[3].mem_reg | Flip-flop | 532480 |  Y  | N  | N  | N  | N  | N  | N  |
================================================================================

Inferred memory devices in process
	in routine skewed_hash_table_KEY_W64_VALUE_W65_N_WAYS4_TBL_ENTRIES4096_MAX_CHAIN16 line 186 in file
		'../verilog/skewed_hash_table.sv'.
===============================================================================
|    Register Name    |   Type    | Width | Bus | MB | AR | AS | SR | SS | ST |
===============================================================================
|    s1_valid_reg     | Flip-flop |   1   |  N  | N  | Y  | N  | N  | N  | N  |
===============================================================================

Inferred memory devices in process
	in routine skewed_hash_table_KEY_W64_VALUE_W65_N_WAYS4_TBL_ENTRIES4096_MAX_CHAIN16 line 190 in file
		'../verilog/skewed_hash_table.sv'.
===============================================================================
|    Register Name    |   Type    | Width | Bus | MB | AR | AS | SR | SS | ST |
===============================================================================
|     s1_key_reg      | Flip-flop |  64   |  Y  | N  | N  | N  | N  | N  | N  |
===============================================================================

Inferred memory devices in process
	in routine skewed_hash_table_KEY_W64_VALUE_W65_N_WAYS4_TBL_ENTRIES4096_MAX_CHAIN16 line 211 in file
		'../verilog/skewed_hash_table.sv'.
===================================================================================
|      Register Name      |   Type    | Width | Bus | MB | AR | AS | SR | SS | ST |
===================================================================================
|    lookup_value_reg     | Flip-flop |  65   |  Y  | N  | Y  | N  | N  | N  | N  |
| lookup_result_valid_reg | Flip-flop |   1   |  N  | N  | Y  | N  | N  | N  | N  |
|     lookup_hit_reg      | Flip-flop |   1   |  N  | N  | Y  | N  | N  | N  | N  |
===================================================================================

Inferred memory devices in process
	in routine skewed_hash_table_KEY_W64_VALUE_W65_N_WAYS4_TBL_ENTRIES4096_MAX_CHAIN16 line 351 in file
		'../verilog/skewed_hash_table.sv'.
================================================================================
|    Register Name     |   Type    | Width | Bus | MB | AR | AS | SR | SS | ST |
================================================================================
| delete_not_found_reg | Flip-flop |   1   |  N  | N  | Y  | N  | N  | N  | N  |
|     state_r_reg      | Flip-flop |   4   |  Y  | N  | Y  | N  | N  | N  | N  |
|   clear_addr_r_reg   | Flip-flop |  12   |  Y  | N  | Y  | N  | N  | N  | N  |
|  op_is_insert_r_reg  | Flip-flop |   1   |  N  | N  | Y  | N  | N  | N  | N  |
|     op_key_r_reg     | Flip-flop |  64   |  Y  | N  | Y  | N  | N  | N  | N  |
|    op_value_r_reg    | Flip-flop |  65   |  Y  | N  | Y  | N  | N  | N  | N  |
|    sel_way_r_reg     | Flip-flop |   2   |  Y  | N  | Y  | N  | N  | N  | N  |
|    sel_idx_r_reg     | Flip-flop |  12   |  Y  | N  | Y  | N  | N  | N  | N  |
|  needs_evict_r_reg   | Flip-flop |   1   |  N  | N  | Y  | N  | N  | N  | N  |
|   evict_key_r_reg    | Flip-flop |  64   |  Y  | N  | Y  | N  | N  | N  | N  |
|  evict_value_r_reg   | Flip-flop |  65   |  Y  | N  | Y  | N  | N  | N  | N  |
| evict_dst_way_r_reg  | Flip-flop |   2   |  Y  | N  | Y  | N  | N  | N  | N  |
| evict_dst_idx_r_reg  | Flip-flop |  12   |  Y  | N  | Y  | N  | N  | N  | N  |
|   chain_cnt_r_reg    | Flip-flop |   5   |  Y  | N  | Y  | N  | N  | N  | N  |
|   insert_done_reg    | Flip-flop |   1   |  N  | N  | Y  | N  | N  | N  | N  |
|   insert_fail_reg    | Flip-flop |   1   |  N  | N  | Y  | N  | N  | N  | N  |
|   delete_done_reg    | Flip-flop |   1   |  N  | N  | Y  | N  | N  | N  | N  |
================================================================================
Statistics for MUX_OPs
=================================================================================================================
|                              block name/line                                | Inputs | Outputs | # sel inputs |
=================================================================================================================
| skewed_hash_table_KEY_W64_VALUE_W65_N_WAYS4_TBL_ENTRIES4096_MAX_CHAIN16/155 |  4096  |   130   |      12      |
| skewed_hash_table_KEY_W64_VALUE_W65_N_WAYS4_TBL_ENTRIES4096_MAX_CHAIN16/162 |  4096  |   130   |      12      |
| skewed_hash_table_KEY_W64_VALUE_W65_N_WAYS4_TBL_ENTRIES4096_MAX_CHAIN16/155 |  4096  |   130   |      12      |
| skewed_hash_table_KEY_W64_VALUE_W65_N_WAYS4_TBL_ENTRIES4096_MAX_CHAIN16/162 |  4096  |   130   |      12      |
| skewed_hash_table_KEY_W64_VALUE_W65_N_WAYS4_TBL_ENTRIES4096_MAX_CHAIN16/155 |  4096  |   130   |      12      |
| skewed_hash_table_KEY_W64_VALUE_W65_N_WAYS4_TBL_ENTRIES4096_MAX_CHAIN16/162 |  4096  |   130   |      12      |
| skewed_hash_table_KEY_W64_VALUE_W65_N_WAYS4_TBL_ENTRIES4096_MAX_CHAIN16/155 |  4096  |   130   |      12      |
| skewed_hash_table_KEY_W64_VALUE_W65_N_WAYS4_TBL_ENTRIES4096_MAX_CHAIN16/162 |  4096  |   130   |      12      |
| skewed_hash_table_KEY_W64_VALUE_W65_N_WAYS4_TBL_ENTRIES4096_MAX_CHAIN16/300 |   4    |    1    |      2       |
| skewed_hash_table_KEY_W64_VALUE_W65_N_WAYS4_TBL_ENTRIES4096_MAX_CHAIN16/479 |   4    |   129   |      2       |
| skewed_hash_table_KEY_W64_VALUE_W65_N_WAYS4_TBL_ENTRIES4096_MAX_CHAIN16/482 |   4    |   64    |      2       |
=================================================================================================================
Information:  Complex logic will not be considered for set/reset inference. (ELAB-2008)
Presto compilation completed successfully. (skewed_hash_table_KEY_W64_VALUE_W65_N_WAYS4_TBL_ENTRIES4096_MAX_CHAIN16)
Module: skewed_hash_table_KEY_W64_VALUE_W65_N_WAYS4_TBL_ENTRIES4096_MAX_CHAIN16, Elapsed Time: 00:03:36, CPU Time: 00:03:28, Total Mem: 16.39 GB, Mem: 13.80 GB, Time: Wed Apr  1 16:26:23 2026
if { [current_design $design_name] == [list] } {exit 1}
Current design is 'hft_pipeline_top'.
#########################################
# ---- compilation setup functions ---- #
#########################################
# I'm defining functions here to break out and *name* the separate things we do for setup
proc eecs_470_set_compilation_flags {} {
  set_app_var compile_top_all_paths "true"
  set_app_var auto_wire_load_selection "false"
  set_app_var compile_seqmap_synchronous_extraction "true" ;# seems to be unused?
}
proc eecs_470_set_wire_load {design_name} {
  set WIRE_LOAD tsmcwire
  set LOGICLIB lec25dscc25_TT

  set_wire_load_model -name $WIRE_LOAD -lib $LOGICLIB $design_name
  set_wire_load_mode top
  set_fix_multiple_port_nets -outputs -buffer_constants
}
proc eecs_470_generate_clock {clock_name clock_period} {
  set CLK_UNCERTAINTY 0.1 ;# the latency/transition time of the clock

  create_clock -period $clock_period -name $clock_name [find port $clock_name]
  set_clock_uncertainty $CLK_UNCERTAINTY $clock_name
  set_fix_hold $clock_name
}
proc eecs_470_setup_paths {clock_name} {
  set DRIVING_CELL dffacs1 ;# the driving cell from the link_library

  # TODO: can we just remove these lines?
  group_path -from [all_inputs] -name input_grp
  group_path -to [all_outputs] -name output_grp

  set_driving_cell  -lib_cell $DRIVING_CELL [all_inputs]
  remove_driving_cell [find port $clock_name]
}
proc eecs_470_set_design_constraints {reset_name clock_name clock_period} {
  set AVG_FANOUT_LOAD 10
  set AVG_LOAD 0.1
  set AVG_INPUT_DELAY 0.1   ;# ns
  set AVG_OUTPUT_DELAY 0.1  ;# ns
  set CRIT_RANGE 1.0        ;# ns
  set MAX_FANOUT 32
  set MAX_TRANSITION 1.0    ;# percent

  # these are some unused values that I've commented out, but am leaving for reference
  # set HIGH_LOAD 1.0
  # set MID_FANOUT 8
  # set LOW_FANOUT 1
  # set HIGH_DRIVE 0
  # set FAST_TRANSITION 0.1

  # set some constraints
  set_fanout_load $AVG_FANOUT_LOAD [all_outputs]
  set_load $AVG_LOAD [all_outputs]
  set_input_delay $AVG_INPUT_DELAY -clock $clock_name [all_inputs]
  set_output_delay $AVG_OUTPUT_DELAY -clock $clock_name [all_outputs]

  # remove constraints for only the clock and reset
  # I'm not actually sure if we need these after the others or not
  remove_input_delay -clock $clock_name [find port $clock_name]
  set_dont_touch $reset_name
  set_resistance 0 $reset_name
  set_drive 0 $reset_name

  # these define specific limitations on the design and optimizer
  set_critical_range $CRIT_RANGE [current_design]
  set_max_delay $clock_period [all_outputs]
  # these are currently unused for some reason, leaving commented
  # set_max_fanout $MAX_FANOUT [current_design]
  # set_max_transition $MAX_TRANSITION [current_design]
}
####################################
# ---- synthesize the design! ---- #
####################################
eecs_470_set_compilation_flags
Error: Variable 'compile_seqmap_synchronous_extraction' is not an application variable. Using Tcl global variable. (CMD-104)
true
# link our current design against the link_library
# exit if there was an error
if { ![link] } {exit 1}

  Linking design 'hft_pipeline_top'
  Using the following designs and libraries:
  --------------------------------------------------------------------------
  * (9 designs)               /home/arlendai/hft/hft/HFT_Modules/synth/hft_pipeline_top.db, etc
  lec25dscc25_TT (library)    /usr/caen/misc/class/eecs470/lib/synopsys/lec25dscc25_TT.db

eecs_470_set_wire_load $design_name
1
eecs_470_generate_clock $clock_name $clock_period
Warning: Can't find port 'clock' in design 'hft_pipeline_top'. (UID-95)
Error: Value for list 'source_objects' must have 1 elements. (CMD-036)
Warning: Can't find object 'clock' in design 'hft_pipeline_top'. (UID-95)
Error: Value for list 'object_list' must have 1 elements. (CMD-036)
Warning: Can't find clock 'clock' in design 'hft_pipeline_top'. (UID-95)
Error: Value for list '<clock_list>' must have 1 elements. (CMD-036)
0
eecs_470_setup_paths $clock_name
Warning: The driving cell dffacs1 has multiple outputs, -pin is required. (UID-989)
Warning: Can't find port 'clock' in design 'hft_pipeline_top'. (UID-95)
Error: Value for list 'port_list' must have 1 elements. (CMD-036)
0
eecs_470_set_design_constraints $reset_name $clock_name $clock_period
Warning: Can't find clock 'clock' in design 'hft_pipeline_top'. (UID-95)
Error: Value for list '-clock' must have 1 elements. (CMD-036)
Warning: Can't find clock 'clock' in design 'hft_pipeline_top'. (UID-95)
Error: Value for list '-clock' must have 1 elements. (CMD-036)
Warning: Can't find port 'clock' in design 'hft_pipeline_top'. (UID-95)
Warning: Can't find clock 'clock' in design 'hft_pipeline_top'. (UID-95)
Error: Value for list 'port_pin_list' must have 1 elements. (CMD-036)
Warning: Can't find object 'reset' in design 'hft_pipeline_top'. (UID-95)
Error: Value for list 'object_list' must have 1 elements. (CMD-036)
Warning: Can't find net 'reset' in design 'hft_pipeline_top'. (UID-95)
Error: Value for list 'net_list' must have 1 elements. (CMD-036)
Warning: Can't find port 'reset' in design 'hft_pipeline_top'. (UID-95)
Error: Value for list 'port_list' must have 1 elements. (CMD-036)
Current design is 'hft_pipeline_top'.
1
# separate the subdesign instances to improve synthesis (excluding set_dont_touch designs)
# do this before writing the check file
uniquify
1
ungroup -all -flatten
Information: Updating graph... (UID-83)
Warning: Design 'hft_pipeline_top' contains 723 high-fanout nets. A fanout number of 1000 will be used for delay calculations involving these nets. (TIM-134)
1
# write the check file before compiling
set chk_file ./${design_name}.chk
./hft_pipeline_top.chk
redirect $chk_file { check_design }
# where the magic happens
# map_effort can be changed to high if you're ok with time increasing for better performance
# or you can change from compile to compile_ultra for best performance, but likely increased time
compile -map_effort medium
CPU Load: 5%, Ram Free: 0 GB, Swap Free: 13 GB, Work Disk Free: 9270 GB, Tmp Disk Free: 29 GB
Information: Evaluating DesignWare library utilization. (UISN-27)

============================================================================
| DesignWare Building Block Library  |         Version         | Available |
============================================================================
| Basic DW Building Blocks           | V-2023.12-DWBB_202312.5 |     *     |
| Licensed DW Building Blocks        |                         |           |
============================================================================

====================================================================================================
| Flow Information                                                                                 |
----------------------------------------------------------------------------------------------------
| Flow         | Design Compiler                                                                   |
====================================================================================================
| Design Information                                      | Value                                  |
====================================================================================================
| Number of Scenarios                                     | 0                                      |
| Leaf Cell Count                                         | 2401929                                |
| Number of User Hierarchies                              | 0                                      |
| Sequential Cell Count                                   | 2358029                                |
| Macro Count                                             | 0                                      |
| Number of Power Domains                                 | 0                                      |
| Number of Path Groups                                   | 3                                      |
| Number of VT Class                                      | 0                                      |
| Number of Clocks                                        | 0                                      |
| Number of Dont Touch Cells                              | 2981                                   |
| Number of Dont Touch Nets                               | 0                                      |
| Number of Size Only Cells                               | 0                                      |
| Design with UPF Data                                    | false                                  |
----------------------------------------------------------------------------------------------------
| Variables                                               | Value                                  |
----------------------------------------------------------------------------------------------------
| set_fix_multiple_port_nets                              | -outputs -buffer_constants             |
====================================================================================================

Information: There are 275 potential problems in your design. Please run 'check_design' for more information. (LINT-99)



  Beginning Pass 1 Mapping
  ------------------------
  Processing 'hft_pipeline_top'
