test/hft_pipeline_top_tb.sv:322 NO "a non-instrumentable statement" (324)
test/hft_pipeline_top_tb.sv:379 YES
test/hft_pipeline_top_tb.sv:401 YES
test/hft_pipeline_top_tb.sv:423 NO "a dynamic type expression" (424)
test/hft_pipeline_top_tb.sv:430 NO "a dynamic type expression" (431)
verilog/ipv4_udp_port_filter.sv:108 YES
verilog/ipv4_udp_port_filter.sv:137 YES
verilog/ipv4_udp_port_filter.sv:157 YES
verilog/ipv4_udp_port_filter.sv:194 YES
verilog/xdp_packet_framer.sv:111 YES
verilog/xdp_packet_framer.sv:160 YES
verilog/xdp_packet_framer.sv:208 YES
verilog/xdp_msg_demux.sv:104 YES
verilog/xdp_msg_demux.sv:122 YES
verilog/order_lookup.sv:125 YES
verilog/order_lookup.sv:171 YES
verilog/order_lookup.sv:195 YES
verilog/top_of_book.sv:79 YES
verilog/top_of_book.sv:149 YES
verilog/top_of_book.sv:194 YES
verilog/top_of_book.sv:210 YES
verilog/top_of_book.sv:245 YES
verilog/top_of_book.sv:271 YES
verilog/index_arb_engine.sv:96 YES
verilog/index_arb_engine.sv:146 YES
verilog/index_arb_engine.sv:167 YES
verilog/index_arb_engine.sv:190 YES
verilog/index_arb_engine.sv:233 YES
verilog/order_gen_tx.sv:178 YES
verilog/order_gen_tx.sv:252 YES
verilog/skewed_hash_table.sv:142 YES
verilog/skewed_hash_table.sv:147 YES
verilog/skewed_hash_table.sv:174 YES
verilog/skewed_hash_table.sv:178 YES
verilog/skewed_hash_table.sv:190 YES
verilog/skewed_hash_table.sv:199 YES
verilog/skewed_hash_table.sv:264 YES
verilog/skewed_hash_table.sv:273 YES
verilog/skewed_hash_table.sv:300 YES
verilog/skewed_hash_table.sv:339 YES
==================================================
X P R O P   S T A T I S T I C S
instrumentable assignments:    454
instrumented assignments:      452
instrumentation success rate:  99%
