test/skewed_hash_table_tb.sv:121 YES
test/skewed_hash_table_tb.sv:142 YES
test/skewed_hash_table_tb.sv:172 YES
test/skewed_hash_table_tb.sv:205 YES
test/skewed_hash_table_tb.sv:238 YES
test/skewed_hash_table_tb.sv:257 YES
verilog/skewed_hash_table.sv:142 YES
verilog/skewed_hash_table.sv:147 YES
verilog/skewed_hash_table.sv:174 YES
verilog/skewed_hash_table.sv:178 YES
verilog/skewed_hash_table.sv:190 YES
verilog/skewed_hash_table.sv:199 YES
verilog/skewed_hash_table.sv:264 YES
verilog/skewed_hash_table.sv:273 YES
verilog/skewed_hash_table.sv:300 YES
verilog/skewed_hash_table.sv:339 YES
==================================================
X P R O P   S T A T I S T I C S
instrumentable assignments:    134
instrumented assignments:      134
instrumentation success rate:  100%
