Info: [VCS_SAVE_RESTORE_INFO] ASLR (Address Space Layout Randomization) is detected on the machine. To enable $save functionality, ASLR will be switched off and simv re-executed.
Please use '-no_save' simv switch to avoid re-execution or '-suppress=ASLR_DETECTED_INFO' to suppress this message.
Chronologic VCS simulator copyright 1991-2023
Contains Synopsys proprietary information.
Compiler version V-2023.12-SP2-1_Full64; Runtime version V-2023.12-SP2-1_Full64;  Mar 24 15:02 2026

  ╔═════════════════════════════════════════════════════════════╗
  ║  Index Arb Engine Unit Test  (4 components)                ║
  ╚═════════════════════════════════════════════════════════════╝

--- Loading weights ---
    Weights loaded: 0.50, 0.25, 0.15, 0.10
    Threshold: 100 cents ($1.00)

--- TEST 1: Initialize 4 component prices ---
    Computed index (cents): 14499
    Expected: ~14500
  PASS: initial index calculation

--- TEST 2: Actual price matches computed — no trade ---
    No trade signal — correct (spread within threshold)
  PASS: no-trade within threshold

--- TEST 3: Component jump — computed > actual — SELL ---
    Computed index (cents): 14999
    Actual index  (cents): 14499
    Trade fired: direction=SELL  spread=525334576 (Q44.20)
  PASS: SELL signal on positive spread

--- TEST 4: Actual catches up — spread collapses ---
    No trade — spread collapsed. Correct.
  PASS: spread collapse after actual update

--- TEST 5: Component drop — computed < actual — BUY ---
    Computed index (cents): 14499
    Actual index  (cents): 14999
    Trade fired: direction= BUY  spread=-523241424
  PASS: BUY signal on negative spread

--- TEST 6: One-sided market — no update ---
    Index unchanged — correctly skipped one-sided update
  PASS: one-sided market skip

--- TEST 7: Low threshold — tiny spread triggers trade ---
    Spread (Q44.20): 6289476
    Trade valid: 1
    Trade fired — spread crossed low threshold
  PASS: low threshold behavior

  ╔═════════════════════════════════════════════════════════════╗
  ║  SUMMARY                                                   ║
  ║  Errors: 0                                                  ║
  ║  @@@ Passed                                                ║
  ╚═════════════════════════════════════════════════════════════╝

$finish called from file "test/index_arb_engine_tb.sv", line 336.
$finish at simulation time                 1980
           V C S   S i m u l a t i o n   R e p o r t 
Time: 198000 ps
CPU Time:      0.220 seconds;       Data structure size:   0.0Mb
Tue Mar 24 15:02:32 2026
