Info: [VCS_SAVE_RESTORE_INFO] ASLR (Address Space Layout Randomization) is detected on the machine. To enable $save functionality, ASLR will be switched off and simv re-executed.
Please use '-no_save' simv switch to avoid re-execution or '-suppress=ASLR_DETECTED_INFO' to suppress this message.
Chronologic VCS simulator copyright 1991-2023
Contains Synopsys proprietary information.
Compiler version V-2023.12-SP2-1_Full64; Runtime version V-2023.12-SP2-1_Full64;  Mar 20 15:20 2026

=== TEST 1: Valid MDP3 packet ===
FAIL t1a: no output beats seen
FAIL t1b: tlast never asserted on output
FAIL t1c: got 0 beats, expected 7
PASS t1d: data passed through intact

=== TEST 2: Wrong UDP port (should drop) ===
PASS t2a: wrong-port packet correctly dropped
PASS t2b: zero beats forwarded

=== TEST 3: Wrong EtherType (ARP, should drop) ===
PASS t3a: ARP packet dropped

=== TEST 4: Wrong IP protocol (TCP, should drop) ===
PASS t4a: TCP packet dropped

=== TEST 5: Valid packet with idle gaps ===
FAIL t5a: no output beats with idle gaps
FAIL t5b: got 0 beats, expected 7

=== TEST 6: Two consecutive valid packets ===
FAIL t6a: got 0 beats, expected 14 for 2 packets

=== TEST 7: Valid → Drop → Valid ===
FAIL t7a: got 0 beats, expected 14 (2 passing packets)

=== TEST 8: Backpressure (tready held low) ===
  NOTE t8: s_axis_tready stayed high during backpressure — check filter
FAIL t8b: packet did not complete after releasing tready

========================================
8 TEST(S) FAILED
========================================

$finish called from file "test/ipv4_udp_port_filter_tb.sv", line 495.
$finish at simulation time               786000
           V C S   S i m u l a t i o n   R e p o r t 
Time: 786000 ps
CPU Time:      0.320 seconds;       Data structure size:   0.0Mb
Fri Mar 20 15:20:32 2026
