Info: [VCS_SAVE_RESTORE_INFO] ASLR (Address Space Layout Randomization) is detected on the machine. To enable $save functionality, ASLR will be switched off and simv re-executed.
Please use '-no_save' simv switch to avoid re-execution or '-suppress=ASLR_DETECTED_INFO' to suppress this message.
Chronologic VCS simulator copyright 1991-2023
Contains Synopsys proprietary information.
Compiler version V-2023.12-SP2-1_Full64; Runtime version V-2023.12-SP2-1_Full64;  Mar 22 15:45 2026

=== Table ready after reset clear ===

=== TEST 1: Post-reset ready ===
  PASS: ready asserted after clear

=== TEST 2: Lookup miss on empty table ===
  PASS: key=deadbeef -> miss (expected)

=== TEST 3: Single insert + lookup hit ===
  Insert key=00001001 value=aaaabbbbcccc0001 done
  PASS: key=00001001 -> value=aaaabbbbcccc0001
  PASS: key=ffffffff -> miss (expected)

=== TEST 4: Multiple inserts + lookup all ===
  Inserted keys 1..7
  PASS: key=00001001 -> value=aaaabbbbcccc0001
  PASS: key=00002002 -> value=aaaabbbbcccc0002
  PASS: key=00003003 -> value=aaaabbbbcccc0003
  PASS: key=00004004 -> value=aaaabbbbcccc0004
  PASS: key=00005005 -> value=aaaabbbbcccc0005
  PASS: key=00006006 -> value=aaaabbbbcccc0006
  PASS: key=00007007 -> value=aaaabbbbcccc0007
  PASS: key=00008008 -> value=aaaabbbbcccc0008

=== TEST 5: Update existing key ===
  PASS: key=00001001 -> value=fe00deadbeefcafe
  PASS: key=00002002 -> value=aaaabbbbcccc0002

=== TEST 6: Delete + verify miss ===
  Deleted key=00003003
  PASS: key=00003003 -> miss (expected)
  PASS: key=00004004 -> value=aaaabbbbcccc0004

=== TEST 7: Delete non-existent key ===
  PASS: delete correctly reported not_found

=== TEST 8: Back-to-back lookups ===
  PASS: bb[0] key=00001001 hit=1 value=fe00deadbeefcafe
  PASS: bb[1] key=00002002 hit=1 value=aaaabbbbcccc0002
  PASS: bb[2] key=00003003 hit=0 value=0000000000000000
  PASS: bb[3] key=00004004 hit=1 value=aaaabbbbcccc0004
  PASS: bb[4] key=00005005 hit=1 value=aaaabbbbcccc0005

=== TEST 9: Insert after delete (reuse slot) ===
  PASS: key=facef00d -> value=123456789abcdef0
  PASS: key=00003003 -> miss (expected)

=== TEST 10: Bulk insert (32 keys) ===
  Inserted 32 / 32 keys (0 eviction failures)
  Bulk lookup verification complete

========================================
ALL TESTS PASSED (10 tests)
========================================

$finish called from file "test/skewed_hash_table_tb.sv", line 578.
$finish at simulation time              2159000
           V C S   S i m u l a t i o n   R e p o r t 
Time: 2159000 ps
CPU Time:      0.280 seconds;       Data structure size:   0.0Mb
Sun Mar 22 15:45:05 2026
