Info: [VCS_SAVE_RESTORE_INFO] ASLR (Address Space Layout Randomization) is detected on the machine. To enable $save functionality, ASLR will be switched off and simv re-executed.
Please use '-no_save' simv switch to avoid re-execution or '-suppress=ASLR_DETECTED_INFO' to suppress this message.
Chronologic VCS simulator copyright 1991-2023
Contains Synopsys proprietary information.
Compiler version V-2023.12-SP2-1_Full64; Runtime version V-2023.12-SP2-1_Full64;  Mar 23 17:39 2026

  ╔═════════════════════════════════════════════════════════════╗
  ║  Top-of-Book Unit Test  (N=3, SYMS=500)                    ║
  ╚═════════════════════════════════════════════════════════════╝

--- TEST 1: Add 3 bid levels ---
    Book for symbol 5:
      bid[0]:  25200 x  200   ask[0]:      0 x    0
      bid[1]:  25100 x  150   ask[1]:      0 x    0
      bid[2]:  25000 x  100   ask[2]:      0 x    0
    BBO: bid=25200 x 200  |  ask=0 x 0
  PASS: 3 bid levels sorted desc

--- TEST 2: Add 3 ask levels ---
    Book for symbol 5:
      bid[0]:  25200 x  200   ask[0]:  25300 x  250
      bid[1]:  25100 x  150   ask[1]:  25400 x  300
      bid[2]:  25000 x  100   ask[2]:  25500 x  100
    BBO: bid=25200 x 200  |  ask=25300 x 250
  PASS: 3 ask levels sorted asc

--- TEST 3: Aggregate qty on existing level ---
    BBO: bid=25200 x 250  |  ask=25300 x 250
  PASS: qty aggregation

--- TEST 4: Partial delete from best bid ---
    Book for symbol 5:
      bid[0]:  25200 x   50   ask[0]:  25300 x  250
      bid[1]:  25100 x  150   ask[1]:  25400 x  300
      bid[2]:  25000 x  100   ask[2]:  25500 x  100
    BBO: bid=25200 x 50  |  ask=25300 x 250
  PASS: partial level removal

--- TEST 5: Delete empties best bid, shift up ---
    Book for symbol 5:
      bid[0]:  25100 x  150   ask[0]:  25300 x  250
      bid[1]:  25000 x  100   ask[1]:  25400 x  300
      bid[2]:      0 x    0   ask[2]:  25500 x  100
    BBO: bid=25100 x 150  |  ask=25300 x 250
  PASS: level shift on empty

--- TEST 6: Exec partial fill ---
    BBO: bid=25100 x 70  |  ask=25300 x 250
  PASS: exec partial fill

--- TEST 7: Exec full fill sweeps level ---
    Book for symbol 5:
      bid[0]:  25000 x  100   ask[0]:  25300 x  250
      bid[1]:      0 x    0   ask[1]:  25400 x  300
      bid[2]:      0 x    0   ask[2]:  25500 x  100
    BBO: bid=25000 x 100  |  ask=25300 x 250
  PASS: exec full fill + shift

--- TEST 8: Modify to better price ---
    Book for symbol 5:
      bid[0]:  25300 x   80   ask[0]:  25300 x  250
      bid[1]:      0 x    0   ask[1]:  25400 x  300
      bid[2]:      0 x    0   ask[2]:  25500 x  100
    BBO: bid=25300 x 80  |  ask=25300 x 250
  PASS: modify to better price

--- TEST 9: Replace best ask ---
    Book for symbol 5:
      bid[0]:  25300 x   80   ask[0]:  25250 x  200
      bid[1]:      0 x    0   ask[1]:  25400 x  300
      bid[2]:      0 x    0   ask[2]:  25500 x  100
    BBO: bid=25300 x 80  |  ask=25250 x 200
  PASS: replace order

--- TEST 10: Discard too-deep order ---
    Book for symbol 5:
      bid[0]:  25300 x   80   ask[0]:  25250 x  200
      bid[1]:  25200 x  100   ask[1]:  25400 x  300
      bid[2]:  25100 x  100   ask[2]:  25500 x  100
    BBO: bid=25300 x 80  |  ask=25250 x 200
  PASS: discard too-deep order

--- TEST 11: Full sweep to empty ---
    Book for symbol 5:
      bid[0]:      0 x    0   ask[0]:  25250 x  200
      bid[1]:      0 x    0   ask[1]:  25400 x  300
      bid[2]:      0 x    0   ask[2]:  25500 x  100
    BBO: bid=0 x 0  |  ask=25250 x 200
  PASS: full sweep to empty

--- TEST 12: Add to empty book ---
    BBO: bid=24500 x 300  |  ask=25250 x 200
  PASS: add to empty book

--- TEST 13: Symbol isolation ---
  PASS: symbol isolation

  ╔═════════════════════════════════════════════════════════════╗
  ║  SUMMARY                                                   ║
  ║  Errors: 0                                                  ║
  ║  @@@ Passed                                                ║
  ╚═════════════════════════════════════════════════════════════╝

$finish called from file "test/top_of_book_tb.sv", line 396.
$finish at simulation time                 2060
           V C S   S i m u l a t i o n   R e p o r t 
Time: 206000 ps
CPU Time:      0.250 seconds;       Data structure size:   0.1Mb
Mon Mar 23 17:39:16 2026
