test/skewed_hash_table_tb.sv:121 YES:SyncFF
verilog/skewed_hash_table.sv:174 YES:AsyncFF
verilog/skewed_hash_table.sv:178 YES:SyncFF
verilog/skewed_hash_table.sv:199 YES:AsyncFF
verilog/skewed_hash_table.sv:339 YES:AsyncFF
verilog/skewed_hash_table.sv:142 YES:SyncFF
verilog/skewed_hash_table.sv:147 YES:SyncFF
verilog/skewed_hash_table.sv:142 YES:SyncFF
verilog/skewed_hash_table.sv:147 YES:SyncFF
verilog/skewed_hash_table.sv:142 YES:SyncFF
verilog/skewed_hash_table.sv:147 YES:SyncFF
verilog/skewed_hash_table.sv:142 YES:SyncFF
verilog/skewed_hash_table.sv:147 YES:SyncFF
==================================================
Unified Inference Statistics
Number of always_ff:                   12
Number of always_latch:                0
Number of always @*:                   0
Number of always_comb :                4
Number of always :                     2
Number of flip-flop candidates:        13
Number of synchronous flops inferred:  10
Number of Asynchronous flops inferred: 3
