Info: [VCS_SAVE_RESTORE_INFO] ASLR (Address Space Layout Randomization) is detected on the machine. To enable $save functionality, ASLR will be switched off and simv re-executed.
Please use '-no_save' simv switch to avoid re-execution or '-suppress=ASLR_DETECTED_INFO' to suppress this message.
Chronologic VCS simulator copyright 1991-2023
Contains Synopsys proprietary information.
Compiler version V-2023.12-SP2-1_Full64; Runtime version V-2023.12-SP2-1_Full64;  Mar 22 15:28 2026

  ╔═════════════════════════════════════════════════════════════╗
  ║  NYSE XDP/Pillar Pipeline Integration Test                 ║
  ║  filter -> framer -> demux                                 ║
  ╚═════════════════════════════════════════════════════════════╝

  ┌─────────────────────────────────────────────────────────────┐
  │ TEST 1: Add Order
  ├─────────────────────────────────────────────────────────────┤
  │ INPUT (injected into AXI-Stream)                           │
  │   msg_type      : 100 (ADD ORDER)
  │   symbol_index  : 12345
  │   order_id      : 0xdead000000000001
  │   price         : 98750
  │   qty           : 100
  │   side          : BUY
  ├─────────────────────────────────────────────────────────────┤
  │ OUTPUT (pillar_msg_t from demux)                           │
  │   .valid         : 0
  │   .msg_type      : 100 (ADD ORDER)
  │   .symbol_index  : 12345
  │   .symbol_seq_num: 1
  │   .order_id      : 0xdead000000000001
  │   .price         : 98750
  │   .qty           : 100
  │   .side          : 0x42 (BUY)
  ├─────────────────────────────────────────────────────────────┤
  │ RESULT: PASS                                               │
  └─────────────────────────────────────────────────────────────┘

  ┌─────────────────────────────────────────────────────────────┐
  │ TEST 2: Modify Order
  ├─────────────────────────────────────────────────────────────┤
  │ INPUT (injected into AXI-Stream)                           │
  │   msg_type      : 101 (MODIFY ORDER)
  │   symbol_index  : 12345
  │   order_id      : 0xbeef000000000002
  │   price         : 100500
  │   qty           : 250
  ├─────────────────────────────────────────────────────────────┤
  │ OUTPUT (pillar_msg_t from demux)                           │
  │   .valid         : 0
  │   .msg_type      : 101 (MODIFY ORDER)
  │   .symbol_index  : 12345
  │   .symbol_seq_num: 2
  │   .order_id      : 0xbeef000000000002
  │   .price         : 100500
  │   .qty           : 250
  ├─────────────────────────────────────────────────────────────┤
  │ RESULT: PASS                                               │
  └─────────────────────────────────────────────────────────────┘

  ┌─────────────────────────────────────────────────────────────┐
  │ TEST 3: Delete Order
  ├─────────────────────────────────────────────────────────────┤
  │ INPUT (injected into AXI-Stream)                           │
  │   msg_type      : 102 (DELETE ORDER)
  │   symbol_index  : 42
  │   order_id      : 0xcafedeadbeef0003
  ├─────────────────────────────────────────────────────────────┤
  │ OUTPUT (pillar_msg_t from demux)                           │
  │   .valid         : 0
  │   .msg_type      : 102 (DELETE ORDER)
  │   .symbol_index  : 42
  │   .symbol_seq_num: 3
  │   .order_id      : 0xcafedeadbeef0003
  ├─────────────────────────────────────────────────────────────┤
  │ RESULT: PASS                                               │
  └─────────────────────────────────────────────────────────────┘

  ┌─────────────────────────────────────────────────────────────┐
  │ TEST 4: Order Execution
  ├─────────────────────────────────────────────────────────────┤
  │ INPUT (injected into AXI-Stream)                           │
  │   msg_type      : 103 (ORDER EXECUTION)
  │   symbol_index  : 9999
  │   order_id      : 0x1111222233334444
  │   trade_id      : 77777
  │   price         : 55000
  │   qty           : 50
  ├─────────────────────────────────────────────────────────────┤
  │ OUTPUT (pillar_msg_t from demux)                           │
  │   .valid         : 0
  │   .msg_type      : 103 (ORDER EXECUTION)
  │   .symbol_index  : 9999
  │   .symbol_seq_num: 4
  │   .order_id      : 0x1111222233334444
  │   .trade_id      : 77777
  │   .printable     : 1
  │   .price         : 55000
  │   .qty           : 50
  ├─────────────────────────────────────────────────────────────┤
  │ RESULT: PASS                                               │
  └─────────────────────────────────────────────────────────────┘

  ┌─────────────────────────────────────────────────────────────┐
  │ TEST 5: Replace Order
  ├─────────────────────────────────────────────────────────────┤
  │ INPUT (injected into AXI-Stream)                           │
  │   msg_type      : 104 (REPLACE ORDER)
  │   symbol_index  : 5555
  │   order_id      : 0xaaaabbbbccccdddd
  │   new_order_id  : 0xeeeeffff00001111
  │   price         : 60000
  │   qty           : 200
  ├─────────────────────────────────────────────────────────────┤
  │ OUTPUT (pillar_msg_t from demux)                           │
  │   .valid         : 0
  │   .msg_type      : 104 (REPLACE ORDER)
  │   .symbol_index  : 5555
  │   .symbol_seq_num: 5
  │   .order_id      : 0xaaaabbbbccccdddd
  │   .new_order_id  : 0xeeeeffff00001111
  │   .price         : 60000
  │   .qty           : 200
  ├─────────────────────────────────────────────────────────────┤
  │ RESULT: PASS                                               │
  └─────────────────────────────────────────────────────────────┘

  ┌─────────────────────────────────────────────────────────────┐
  │ TEST 6: Wrong UDP port - expect DROP                       │
  │ INPUT: Add Order to port 0xDEAD (not 11101)           │
  ├─────────────────────────────────────────────────────────────┤
  │ OUTPUT: correctly dropped (no valid pulse)                                     │
  │ RESULT: PASS                                               │
  └─────────────────────────────────────────────────────────────┘

  ┌─────────────────────────────────────────────────────────────┐
  │ TEST 7: Add Order (idle gaps between beats)
  ├─────────────────────────────────────────────────────────────┤
  │ INPUT (injected into AXI-Stream)                           │
  │   msg_type      : 100 (ADD ORDER)
  │   symbol_index  : 321
  │   order_id      : 0x777788889999aaaa
  │   price         : 123456
  │   qty           : 75
  │   side          : SELL
  ├─────────────────────────────────────────────────────────────┤
  │ OUTPUT (pillar_msg_t from demux)                           │
  │   .valid         : 0
  │   .msg_type      : 100 (ADD ORDER)
  │   .symbol_index  : 321
  │   .symbol_seq_num: 1
  │   .order_id      : 0x777788889999aaaa
  │   .price         : 123456
  │   .qty           : 75
  │   .side          : 0x53 (SELL)
  ├─────────────────────────────────────────────────────────────┤
  │ RESULT: PASS                                               │
  └─────────────────────────────────────────────────────────────┘

  ┌─────────────────────────────────────────────────────────────┐
  │ TEST 8: Back-to-back Add -> Delete (pipeline throughput)    │
  ├─────────────────────────────────────────────────────────────┤
  │ pkt A decoded: type=100 oid=0xa0a0b0b0c0c0d0d0 price=50000 qty=10
  │ pkt B decoded: type=102 oid=0xa0a0b0b0c0c0d0d0
  │ RESULT: PASS                                               │
  └─────────────────────────────────────────────────────────────┘

  ┌─────────────────────────────────────────────────────────────┐
  │ TEST 9: Full order lifecycle                               │
  │   Add -> Modify -> Partial Exec -> Delete                  │
  │   OrderID: 0xFACE_0000_0000_0001   Symbol: 777             │
  ├─────────────────────────────────────────────────────────────┤
  │ 1. Add:     price=25000  qty=500  side=BUY
  │ 2. Modify: price=25100  qty=400  (was 25000/500)
  │ 3. Exec:   trade=88888  price=25100  qty=100  (300 remaining)
  │ 4. Delete: oid=0xface000000000001  (order removed)
  │ RESULT: PASS                                               │
  └─────────────────────────────────────────────────────────────┘

  ┌─────────────────────────────────────────────────────────────┐
  │ TEST 10: Cancel-Replace flow                               │
  │   Add -> Replace (new OID + price) -> Delete new           │
  ├─────────────────────────────────────────────────────────────┤
  │ 1. Add:     oid=0xaaaa000000000001  price=30000  qty=1000  side=SELL
  │ 2. Replace: old=0xaaaa000000000001 -> new=0xbbbb000000000002
  │             price=30500  qty=800  (was 30000/1000)
  │ 3. Delete:  oid=0xbbbb000000000002  (replacement removed)
  │ RESULT: PASS                                               │
  └─────────────────────────────────────────────────────────────┘

  ╔═════════════════════════════════════════════════════════════╗
  ║  SUMMARY                                                   ║
  ║  Messages decoded : 15                                      ║
  ║  Field errors     : 0                                       ║
  ║  @@@ Passed                                                ║
  ╚═════════════════════════════════════════════════════════════╝

$finish called from file "test/xdp_chain_tb.sv", line 695.
$finish at simulation time                14460
           V C S   S i m u l a t i o n   R e p o r t 
Time: 1446000 ps
CPU Time:      0.250 seconds;       Data structure size:   0.0Mb
Sun Mar 22 15:28:59 2026
